<?xml version="1.0" encoding="UTF-8"?>
<testsuite xmlns:xsi="http://www.w3.org/2001/XMLSchema-instance" xsi:noNamespaceSchemaLocation="https://maven.apache.org/surefire/maven-surefire-plugin/xsd/surefire-test-report-3.0.xsd" version="3.0" name="TestSuite" time="75.053" tests="3" errors="0" skipped="0" failures="0">
  <properties>
[...]
</properties>
  <testcase name="ValidCreditsSignInTest" classname="com.giancodes.desktopTests.SignInTest" time="19.876">
    <system-out><![CDATA[2023-12-23 20:16:05 CarinaListener [main] [INFO] 
============= Basic configuration =============
env=QA
=========== Encryptor configuration ===========
crypto_key_value=*****
=========== WebDriver configuration ===========
url=https://openweathermap.org/
selenium_url=http://localhost:4444/wd/hub
auto_screenshot=true
localization_encoding=UTF-8
language=en_US
-------------- Driver capabilities ------------
browserName=chrome
===============================================

2023-12-23 20:16:05 TestRunRegistrar [main-1] [WARN] Reporting disabled: using no op test run registrar
2023-12-23 20:16:10 CarinaListener [main-1] [INFO] Use thread-count='4' from suite file.
2023-12-23 20:16:10 CarinaListener [main-1] [INFO] Set data-provider-thread-count=1
2023-12-23 20:16:10 CarinaListener [main-1] [INFO] CARINA_CORE_VERSION: 1.1.3
2023-12-23 20:16:25 TestHTMLReporter [TestNG-tests-1] [INFO] [TestHTMLReporter] The system cannot find the path specified
2023-12-23 20:16:25 TestRunRegistrar [TestNG-tests-2] [WARN] Reporting disabled: using no op test run registrar
2023-12-23 20:16:25 Messager [TestNG-tests-2-30] [INFO] TEST [Chrome Sign In Test - ValidCreditsSignInTest] STARTED at [20:16:25 2023-12-23]
2023-12-23 20:16:25 TestRunRegistrar [TestNG-tests-3] [WARN] Reporting disabled: using no op test run registrar
2023-12-23 20:16:25 Messager [TestNG-tests-3-31] [INFO] TEST [Firefox Sign In Test - ValidCreditsSignInTest] STARTED at [20:16:25 2023-12-23]
2023-12-23 20:16:25 TestRunRegistrar [TestNG-tests-4] [WARN] Reporting disabled: using no op test run registrar
2023-12-23 20:16:25 Messager [TestNG-tests-4-32] [INFO] TEST [Edge Sign In Test - ValidCreditsSignInTest] STARTED at [20:16:25 2023-12-23]
2023-12-23 20:16:25 DriverFactory [TestNG-tests-4-32] [INFO] Starting driver session...
2023-12-23 20:16:25 DriverFactory [TestNG-tests-2-30] [INFO] Starting driver session...
2023-12-23 20:16:25 DriverFactory [TestNG-tests-3-31] [INFO] Starting driver session...
2023-12-23 20:16:28 DriverFactory [TestNG-tests-3-31] [INFO] Driver session started.
2023-12-23 20:16:29 Messager [TestNG-tests-3-31] [INFO] INFO: opening url 'https://openweathermap.org/'
2023-12-23 20:16:32 ExtendedWebElement [TestNG-tests-3-31] [INFO] Element div detected. Waiting until disappear...
2023-12-23 20:16:37 DriverListener [TestNG-tests-3-31] [INFO] PASS: element 'acceptCookiesButton' is clicked.
2023-12-23 20:16:41 DriverListener [TestNG-tests-3-31] [INFO] PASS: element 'signInButton' is clicked.
2023-12-23 20:16:42 DriverListener [TestNG-tests-3-31] [INFO] PASS: keys 'testytestio836@gmail.com' are sent to element 'emailTextBox'.
2023-12-23 20:16:42 DriverListener [TestNG-tests-3-31] [INFO] PASS: keys '123qwe!@#QWE' are sent to element 'passwordTextBox'.
2023-12-23 20:16:44 DriverListener [TestNG-tests-3-31] [INFO] PASS: element 'submitButton' is clicked.
2023-12-23 20:16:45 Messager [TestNG-tests-3-31] [INFO] TEST [Firefox Sign In Test - ValidCreditsSignInTest] PASSED at [20:16:45 2023-12-23]
]]></system-out>
  </testcase>
  <testcase name="ValidCreditsSignInTest" classname="com.giancodes.desktopTests.SignInTest" time="37.25">
    <system-out><![CDATA[2023-12-23 20:16:45 TestHTMLReporter [TestNG-tests-3-31] [INFO] [TestHTMLReporter] The system cannot find the path specified
2023-12-23 20:16:46 DriverFactory [TestNG-tests-4-32] [INFO] Driver session started.
2023-12-23 20:16:46 Messager [TestNG-tests-4-32] [INFO] INFO: opening url 'https://openweathermap.org/'
2023-12-23 20:16:49 ExtendedWebElement [TestNG-tests-4-32] [INFO] Element div detected. Waiting until disappear...
2023-12-23 20:16:54 DriverListener [TestNG-tests-4-32] [INFO] PASS: element 'acceptCookiesButton' is clicked.
2023-12-23 20:16:57 DriverListener [TestNG-tests-4-32] [INFO] PASS: element 'signInButton' is clicked.
2023-12-23 20:16:58 DriverListener [TestNG-tests-4-32] [INFO] PASS: keys 'testytestio836@gmail.com' are sent to element 'emailTextBox'.
2023-12-23 20:16:59 DriverListener [TestNG-tests-4-32] [INFO] PASS: keys '123qwe!@#QWE' are sent to element 'passwordTextBox'.
2023-12-23 20:17:02 DriverListener [TestNG-tests-4-32] [INFO] PASS: element 'submitButton' is clicked.
2023-12-23 20:17:02 Messager [TestNG-tests-4-32] [INFO] TEST [Edge Sign In Test - ValidCreditsSignInTest] PASSED at [20:17:02 2023-12-23]
]]></system-out>
  </testcase>
  <testcase name="ValidCreditsSignInTest" classname="com.giancodes.desktopTests.SignInTest" time="53.061">
    <system-out><![CDATA[2023-12-23 20:17:02 TestHTMLReporter [TestNG-tests-4-32] [INFO] [TestHTMLReporter] The system cannot find the path specified
2023-12-23 20:17:03 DriverFactory [TestNG-tests-2-30] [INFO] Driver session started.
2023-12-23 20:17:03 Messager [TestNG-tests-2-30] [INFO] INFO: opening url 'https://openweathermap.org/'
2023-12-23 20:17:06 ExtendedWebElement [TestNG-tests-2-30] [INFO] Element div detected. Waiting until disappear...
2023-12-23 20:17:11 DriverListener [TestNG-tests-2-30] [INFO] PASS: element 'acceptCookiesButton' is clicked.
2023-12-23 20:17:14 DriverListener [TestNG-tests-2-30] [INFO] PASS: element 'signInButton' is clicked.
2023-12-23 20:17:15 DriverListener [TestNG-tests-2-30] [INFO] PASS: keys 'testytestio836@gmail.com' are sent to element 'emailTextBox'.
2023-12-23 20:17:16 DriverListener [TestNG-tests-2-30] [INFO] PASS: keys '123qwe!@#QWE' are sent to element 'passwordTextBox'.
2023-12-23 20:17:18 DriverListener [TestNG-tests-2-30] [INFO] PASS: element 'submitButton' is clicked.
2023-12-23 20:17:18 Messager [TestNG-tests-2-30] [INFO] TEST [Chrome Sign In Test - ValidCreditsSignInTest] PASSED at [20:17:18 2023-12-23]
]]></system-out>
  </testcase>
</testsuite>