<?xml version="1.0" encoding="UTF-8"?>
<testng-results ignored="0" total="3" passed="3" failed="0" skipped="0">
  <reporter-output>
  </reporter-output>
  <suite started-at="2023-12-23T20:16:25 PST" name="Multi Browser Sign In Testing. " finished-at="2023-12-23T20:17:18 PST" duration-ms="53258">
    <groups>
    </groups>
    <test started-at="2023-12-23T20:16:25 PST" name="Setup Docker Grid" finished-at="2023-12-23T20:16:25 PST" duration-ms="21">
    </test> <!-- Setup Docker Grid -->
    <test started-at="2023-12-23T20:16:25 PST" name="Firefox Sign In Test" finished-at="2023-12-23T20:16:45 PST" duration-ms="20032">
      <class name="com.giancodes.desktopTests.SignInTest">
        <test-method is-config="true" signature="pickBrowser(java.lang.String)[pri:0, instance:com.giancodes.desktopTests.SignInTest@7d8a5ec7]" started-at="2023-12-23T20:16:25 PST" name="pickBrowser" finished-at="2023-12-23T20:16:25 PST" duration-ms="8" status="PASS">
          <params>
            <param index="0">
              <value>
                <![CDATA[Firefox]]>
              </value>
            </param>
          </params>
          <reporter-output>
          </reporter-output>
        </test-method> <!-- pickBrowser -->
        <test-method signature="ValidCreditsSignInTest()[pri:0, instance:com.giancodes.desktopTests.SignInTest@7d8a5ec7]" started-at="2023-12-23T20:16:25 PST" name="ValidCreditsSignInTest" description="Validate with valid email and password. Test case: TC_LF_001, TC_LC_001" finished-at="2023-12-23T20:16:45 PST" duration-ms="19807" status="PASS">
          <reporter-output>
          </reporter-output>
        </test-method> <!-- ValidCreditsSignInTest -->
        <test-method is-config="true" signature="onCarinaAfterMethod()[pri:0, instance:com.giancodes.desktopTests.SignInTest@7d8a5ec7]" started-at="2023-12-23T20:16:45 PST" name="onCarinaAfterMethod" finished-at="2023-12-23T20:16:45 PST" duration-ms="1" status="PASS">
          <reporter-output>
          </reporter-output>
        </test-method> <!-- onCarinaAfterMethod -->
      </class> <!-- com.giancodes.desktopTests.SignInTest -->
    </test> <!-- Firefox Sign In Test -->
    <test started-at="2023-12-23T20:16:25 PST" name="Edge Sign In Test" finished-at="2023-12-23T20:17:02 PST" duration-ms="37394">
      <class name="com.giancodes.desktopTests.SignInTest">
        <test-method is-config="true" signature="pickBrowser(java.lang.String)[pri:0, instance:com.giancodes.desktopTests.SignInTest@21252bef]" started-at="2023-12-23T20:16:25 PST" name="pickBrowser" finished-at="2023-12-23T20:16:25 PST" duration-ms="8" status="PASS">
          <params>
            <param index="0">
              <value>
                <![CDATA[Edge]]>
              </value>
            </param>
          </params>
          <reporter-output>
          </reporter-output>
        </test-method> <!-- pickBrowser -->
        <test-method signature="ValidCreditsSignInTest()[pri:0, instance:com.giancodes.desktopTests.SignInTest@21252bef]" started-at="2023-12-23T20:16:25 PST" name="ValidCreditsSignInTest" description="Validate with valid email and password. Test case: TC_LF_001, TC_LC_001" finished-at="2023-12-23T20:17:02 PST" duration-ms="37249" status="PASS">
          <reporter-output>
          </reporter-output>
        </test-method> <!-- ValidCreditsSignInTest -->
        <test-method is-config="true" signature="onCarinaAfterMethod()[pri:0, instance:com.giancodes.desktopTests.SignInTest@21252bef]" started-at="2023-12-23T20:17:02 PST" name="onCarinaAfterMethod" finished-at="2023-12-23T20:17:02 PST" duration-ms="1" status="PASS">
          <reporter-output>
          </reporter-output>
        </test-method> <!-- onCarinaAfterMethod -->
      </class> <!-- com.giancodes.desktopTests.SignInTest -->
      <class name="com.giancodes.SetUp">
        <test-method is-config="true" signature="startDockerGrid()[pri:0, instance:com.giancodes.SetUp@366c4480]" started-at="2023-12-23T20:16:10 PST" name="startDockerGrid" finished-at="2023-12-23T20:16:25 PST" duration-ms="15031" status="PASS">
          <reporter-output>
          </reporter-output>
        </test-method> <!-- startDockerGrid -->
        <test-method is-config="true" signature="stopDockerGrid()[pri:0, instance:com.giancodes.SetUp@366c4480]" started-at="2023-12-23T20:17:18 PST" name="stopDockerGrid" finished-at="2023-12-23T20:17:18 PST" duration-ms="12" status="PASS">
          <reporter-output>
          </reporter-output>
        </test-method> <!-- stopDockerGrid -->
      </class> <!-- com.giancodes.SetUp -->
    </test> <!-- Edge Sign In Test -->
    <test started-at="2023-12-23T20:16:25 PST" name="Chrome Sign In Test" finished-at="2023-12-23T20:17:18 PST" duration-ms="53258">
      <class name="com.giancodes.desktopTests.SignInTest">
        <test-method is-config="true" signature="pickBrowser(java.lang.String)[pri:0, instance:com.giancodes.desktopTests.SignInTest@1e3c4c12]" started-at="2023-12-23T20:16:25 PST" name="pickBrowser" finished-at="2023-12-23T20:16:25 PST" duration-ms="8" status="PASS">
          <params>
            <param index="0">
              <value>
                <![CDATA[chrome]]>
              </value>
            </param>
          </params>
          <reporter-output>
          </reporter-output>
        </test-method> <!-- pickBrowser -->
        <test-method signature="ValidCreditsSignInTest()[pri:0, instance:com.giancodes.desktopTests.SignInTest@1e3c4c12]" started-at="2023-12-23T20:16:25 PST" name="ValidCreditsSignInTest" description="Validate with valid email and password. Test case: TC_LF_001, TC_LC_001" finished-at="2023-12-23T20:17:18 PST" duration-ms="53060" status="PASS">
          <reporter-output>
          </reporter-output>
        </test-method> <!-- ValidCreditsSignInTest -->
        <test-method is-config="true" signature="onCarinaAfterMethod()[pri:0, instance:com.giancodes.desktopTests.SignInTest@1e3c4c12]" started-at="2023-12-23T20:17:18 PST" name="onCarinaAfterMethod" finished-at="2023-12-23T20:17:18 PST" duration-ms="1" status="PASS">
          <reporter-output>
          </reporter-output>
        </test-method> <!-- onCarinaAfterMethod -->
      </class> <!-- com.giancodes.desktopTests.SignInTest -->
    </test> <!-- Chrome Sign In Test -->
  </suite> <!-- Multi Browser Sign In Testing.  -->
</testng-results>
